2025/02/23 18:15:37 [notice] 1#1: using the "epoll" event method
2025/02/23 18:15:37 [notice] 1#1: nginx/1.26.3
2025/02/23 18:15:37 [notice] 1#1: built by gcc 13.2.1 20240309 (Alpine 13.2.1_git20240309) 
2025/02/23 18:15:37 [notice] 1#1: OS: Linux 6.8.0-51-generic
2025/02/23 18:15:37 [notice] 1#1: getrlimit(RLIMIT_NOFILE): 1048576:1048576
2025/02/23 18:15:37 [notice] 1#1: start worker processes
2025/02/23 18:15:37 [notice] 1#1: start worker process 29
2025/02/23 18:15:37 [notice] 1#1: start worker process 30
2025/02/23 18:15:37 [notice] 1#1: start worker process 31
2025/02/23 18:15:37 [notice] 1#1: start worker process 32
2025/02/23 18:15:37 [notice] 1#1: start worker process 33
2025/02/23 18:15:37 [notice] 1#1: start worker process 34
2025/02/23 18:24:36 [notice] 1#1: signal 3 (SIGQUIT) received, shutting down
2025/02/23 18:24:36 [notice] 30#30: gracefully shutting down
2025/02/23 18:24:36 [notice] 31#31: gracefully shutting down
2025/02/23 18:24:36 [notice] 31#31: exiting
2025/02/23 18:24:36 [notice] 30#30: exiting
2025/02/23 18:24:36 [notice] 29#29: gracefully shutting down
2025/02/23 18:24:36 [notice] 30#30: exit
2025/02/23 18:24:36 [notice] 31#31: exit
2025/02/23 18:24:36 [notice] 29#29: exiting
2025/02/23 18:24:36 [notice] 29#29: exit
2025/02/23 18:24:36 [notice] 32#32: gracefully shutting down
2025/02/23 18:24:36 [notice] 33#33: gracefully shutting down
2025/02/23 18:24:36 [notice] 34#34: gracefully shutting down
2025/02/23 18:24:36 [notice] 32#32: exiting
2025/02/23 18:24:36 [notice] 34#34: exiting
2025/02/23 18:24:36 [notice] 34#34: exit
2025/02/23 18:24:36 [notice] 33#33: exiting
2025/02/23 18:24:36 [notice] 33#33: exit
2025/02/23 18:24:36 [notice] 32#32: exit
2025/02/23 18:24:36 [notice] 1#1: signal 17 (SIGCHLD) received from 29
2025/02/23 18:24:36 [notice] 1#1: worker process 29 exited with code 0
2025/02/23 18:24:36 [notice] 1#1: signal 29 (SIGIO) received
2025/02/23 18:24:36 [notice] 1#1: signal 17 (SIGCHLD) received from 30
2025/02/23 18:24:36 [notice] 1#1: worker process 30 exited with code 0
2025/02/23 18:24:36 [notice] 1#1: signal 29 (SIGIO) received
2025/02/23 18:24:36 [notice] 1#1: signal 17 (SIGCHLD) received from 31
2025/02/23 18:24:36 [notice] 1#1: worker process 31 exited with code 0
2025/02/23 18:24:36 [notice] 1#1: signal 29 (SIGIO) received
2025/02/23 18:24:36 [notice] 1#1: signal 17 (SIGCHLD) received from 32
2025/02/23 18:24:36 [notice] 1#1: worker process 32 exited with code 0
2025/02/23 18:24:36 [notice] 1#1: signal 29 (SIGIO) received
2025/02/23 18:24:36 [notice] 1#1: signal 17 (SIGCHLD) received from 34
2025/02/23 18:24:36 [notice] 1#1: worker process 33 exited with code 0
2025/02/23 18:24:36 [notice] 1#1: worker process 34 exited with code 0
2025/02/23 18:24:36 [notice] 1#1: exit
2025/02/23 18:24:37 [notice] 1#1: using the "epoll" event method
2025/02/23 18:24:37 [notice] 1#1: nginx/1.26.3
2025/02/23 18:24:37 [notice] 1#1: built by gcc 13.2.1 20240309 (Alpine 13.2.1_git20240309) 
2025/02/23 18:24:37 [notice] 1#1: OS: Linux 6.8.0-51-generic
2025/02/23 18:24:37 [notice] 1#1: getrlimit(RLIMIT_NOFILE): 1048576:1048576
2025/02/23 18:24:37 [notice] 1#1: start worker processes
2025/02/23 18:24:37 [notice] 1#1: start worker process 29
2025/02/23 18:24:37 [notice] 1#1: start worker process 30
2025/02/23 18:24:37 [notice] 1#1: start worker process 31
2025/02/23 18:24:37 [notice] 1#1: start worker process 32
2025/02/23 18:24:37 [notice] 1#1: start worker process 33
2025/02/23 18:24:37 [notice] 1#1: start worker process 34
2025/02/23 18:28:16 [notice] 1#1: signal 3 (SIGQUIT) received, shutting down
2025/02/23 18:28:16 [notice] 29#29: gracefully shutting down
2025/02/23 18:28:16 [notice] 30#30: gracefully shutting down
2025/02/23 18:28:16 [notice] 31#31: gracefully shutting down
2025/02/23 18:28:16 [notice] 29#29: exiting
2025/02/23 18:28:16 [notice] 31#31: exiting
2025/02/23 18:28:16 [notice] 30#30: exiting
2025/02/23 18:28:16 [notice] 29#29: exit
2025/02/23 18:28:16 [notice] 31#31: exit
2025/02/23 18:28:16 [notice] 33#33: gracefully shutting down
2025/02/23 18:28:16 [notice] 33#33: exiting
2025/02/23 18:28:16 [notice] 33#33: exit
2025/02/23 18:28:16 [notice] 32#32: gracefully shutting down
2025/02/23 18:28:16 [notice] 32#32: exiting
2025/02/23 18:28:16 [notice] 32#32: exit
2025/02/23 18:28:16 [notice] 30#30: exit
2025/02/23 18:28:16 [notice] 34#34: gracefully shutting down
2025/02/23 18:28:16 [notice] 34#34: exiting
2025/02/23 18:28:16 [notice] 34#34: exit
2025/02/23 18:28:16 [notice] 1#1: signal 17 (SIGCHLD) received from 29
2025/02/23 18:28:16 [notice] 1#1: worker process 29 exited with code 0
2025/02/23 18:28:16 [notice] 1#1: signal 29 (SIGIO) received
2025/02/23 18:28:16 [notice] 1#1: signal 17 (SIGCHLD) received from 33
2025/02/23 18:28:16 [notice] 1#1: worker process 32 exited with code 0
2025/02/23 18:28:16 [notice] 1#1: worker process 33 exited with code 0
2025/02/23 18:28:16 [notice] 1#1: signal 29 (SIGIO) received
2025/02/23 18:28:16 [notice] 1#1: signal 17 (SIGCHLD) received from 31
2025/02/23 18:28:16 [notice] 1#1: worker process 31 exited with code 0
2025/02/23 18:28:16 [notice] 1#1: signal 29 (SIGIO) received
2025/02/23 18:28:16 [notice] 1#1: signal 17 (SIGCHLD) received from 34
2025/02/23 18:28:16 [notice] 1#1: worker process 34 exited with code 0
2025/02/23 18:28:16 [notice] 1#1: signal 29 (SIGIO) received
2025/02/23 18:28:16 [notice] 1#1: signal 17 (SIGCHLD) received from 30
2025/02/23 18:28:16 [notice] 1#1: worker process 30 exited with code 0
2025/02/23 18:28:16 [notice] 1#1: exit
2025/02/23 18:28:17 [notice] 1#1: using the "epoll" event method
2025/02/23 18:28:17 [notice] 1#1: nginx/1.26.3
2025/02/23 18:28:17 [notice] 1#1: built by gcc 13.2.1 20240309 (Alpine 13.2.1_git20240309) 
2025/02/23 18:28:17 [notice] 1#1: OS: Linux 6.8.0-51-generic
2025/02/23 18:28:17 [notice] 1#1: getrlimit(RLIMIT_NOFILE): 1048576:1048576
2025/02/23 18:28:17 [notice] 1#1: start worker processes
2025/02/23 18:28:17 [notice] 1#1: start worker process 29
2025/02/23 18:28:17 [notice] 1#1: start worker process 30
2025/02/23 18:28:17 [notice] 1#1: start worker process 31
2025/02/23 18:28:17 [notice] 1#1: start worker process 32
2025/02/23 18:28:17 [notice] 1#1: start worker process 33
2025/02/23 18:28:17 [notice] 1#1: start worker process 34
2025/02/23 18:32:18 [notice] 1#1: signal 3 (SIGQUIT) received, shutting down
2025/02/23 18:32:18 [notice] 31#31: gracefully shutting down
2025/02/23 18:32:18 [notice] 29#29: gracefully shutting down
2025/02/23 18:32:18 [notice] 31#31: exiting
2025/02/23 18:32:18 [notice] 30#30: gracefully shutting down
2025/02/23 18:32:18 [notice] 29#29: exiting
2025/02/23 18:32:18 [notice] 30#30: exiting
2025/02/23 18:32:18 [notice] 29#29: exit
2025/02/23 18:32:18 [notice] 31#31: exit
2025/02/23 18:32:18 [notice] 30#30: exit
2025/02/23 18:32:18 [notice] 34#34: gracefully shutting down
2025/02/23 18:32:18 [notice] 34#34: exiting
2025/02/23 18:32:18 [notice] 34#34: exit
2025/02/23 18:32:18 [notice] 33#33: gracefully shutting down
2025/02/23 18:32:18 [notice] 33#33: exiting
2025/02/23 18:32:18 [notice] 33#33: exit
2025/02/23 18:32:18 [notice] 32#32: gracefully shutting down
2025/02/23 18:32:18 [notice] 32#32: exiting
2025/02/23 18:32:18 [notice] 32#32: exit
2025/02/23 18:32:18 [notice] 1#1: signal 17 (SIGCHLD) received from 30
2025/02/23 18:32:18 [notice] 1#1: worker process 30 exited with code 0
2025/02/23 18:32:18 [notice] 1#1: worker process 31 exited with code 0
2025/02/23 18:32:18 [notice] 1#1: worker process 34 exited with code 0
2025/02/23 18:32:18 [notice] 1#1: signal 29 (SIGIO) received
2025/02/23 18:32:18 [notice] 1#1: signal 17 (SIGCHLD) received from 29
2025/02/23 18:32:18 [notice] 1#1: worker process 29 exited with code 0
2025/02/23 18:32:18 [notice] 1#1: signal 29 (SIGIO) received
2025/02/23 18:32:18 [notice] 1#1: signal 17 (SIGCHLD) received from 32
2025/02/23 18:32:18 [notice] 1#1: worker process 32 exited with code 0
2025/02/23 18:32:18 [notice] 1#1: worker process 33 exited with code 0
2025/02/23 18:32:18 [notice] 1#1: exit
2025/02/23 18:32:26 [notice] 1#1: using the "epoll" event method
2025/02/23 18:32:26 [notice] 1#1: nginx/1.26.3
2025/02/23 18:32:26 [notice] 1#1: built by gcc 13.2.1 20240309 (Alpine 13.2.1_git20240309) 
2025/02/23 18:32:26 [notice] 1#1: OS: Linux 6.8.0-51-generic
2025/02/23 18:32:26 [notice] 1#1: getrlimit(RLIMIT_NOFILE): 1048576:1048576
2025/02/23 18:32:26 [notice] 1#1: start worker processes
2025/02/23 18:32:26 [notice] 1#1: start worker process 29
2025/02/23 18:32:26 [notice] 1#1: start worker process 30
2025/02/23 18:32:26 [notice] 1#1: start worker process 31
2025/02/23 18:32:26 [notice] 1#1: start worker process 32
2025/02/23 18:32:26 [notice] 1#1: start worker process 33
2025/02/23 18:32:26 [notice] 1#1: start worker process 34
2025/02/23 18:40:19 [notice] 1#1: signal 3 (SIGQUIT) received, shutting down
2025/02/23 18:40:19 [notice] 29#29: gracefully shutting down
2025/02/23 18:40:19 [notice] 29#29: exiting
2025/02/23 18:40:19 [notice] 30#30: gracefully shutting down
2025/02/23 18:40:19 [notice] 30#30: exiting
2025/02/23 18:40:19 [notice] 29#29: exit
2025/02/23 18:40:19 [notice] 30#30: exit
2025/02/23 18:40:19 [notice] 31#31: gracefully shutting down
2025/02/23 18:40:19 [notice] 31#31: exiting
2025/02/23 18:40:19 [notice] 31#31: exit
2025/02/23 18:40:19 [notice] 32#32: gracefully shutting down
2025/02/23 18:40:19 [notice] 32#32: exiting
2025/02/23 18:40:19 [notice] 32#32: exit
2025/02/23 18:40:19 [notice] 33#33: gracefully shutting down
2025/02/23 18:40:19 [notice] 33#33: exiting
2025/02/23 18:40:19 [notice] 33#33: exit
2025/02/23 18:40:19 [notice] 34#34: gracefully shutting down
2025/02/23 18:40:19 [notice] 34#34: exiting
2025/02/23 18:40:19 [notice] 34#34: exit
2025/02/23 18:40:19 [notice] 1#1: signal 17 (SIGCHLD) received from 31
2025/02/23 18:40:19 [notice] 1#1: worker process 30 exited with code 0
2025/02/23 18:40:19 [notice] 1#1: worker process 31 exited with code 0
2025/02/23 18:40:19 [notice] 1#1: signal 29 (SIGIO) received
2025/02/23 18:40:19 [notice] 1#1: signal 17 (SIGCHLD) received from 29
2025/02/23 18:40:19 [notice] 1#1: worker process 29 exited with code 0
2025/02/23 18:40:19 [notice] 1#1: signal 29 (SIGIO) received
2025/02/23 18:40:19 [notice] 1#1: signal 17 (SIGCHLD) received from 33
2025/02/23 18:40:19 [notice] 1#1: worker process 33 exited with code 0
2025/02/23 18:40:19 [notice] 1#1: signal 29 (SIGIO) received
2025/02/23 18:40:19 [notice] 1#1: signal 17 (SIGCHLD) received from 32
2025/02/23 18:40:19 [notice] 1#1: worker process 32 exited with code 0
2025/02/23 18:40:19 [notice] 1#1: signal 29 (SIGIO) received
2025/02/23 18:40:19 [notice] 1#1: signal 17 (SIGCHLD) received from 34
2025/02/23 18:40:19 [notice] 1#1: worker process 34 exited with code 0
2025/02/23 18:40:19 [notice] 1#1: exit
2025/02/23 18:41:00 [notice] 1#1: using the "epoll" event method
2025/02/23 18:41:00 [notice] 1#1: nginx/1.26.3
2025/02/23 18:41:00 [notice] 1#1: built by gcc 13.2.1 20240309 (Alpine 13.2.1_git20240309) 
2025/02/23 18:41:00 [notice] 1#1: OS: Linux 6.8.0-51-generic
2025/02/23 18:41:00 [notice] 1#1: getrlimit(RLIMIT_NOFILE): 1048576:1048576
2025/02/23 18:41:00 [notice] 1#1: start worker processes
2025/02/23 18:41:00 [notice] 1#1: start worker process 29
2025/02/23 18:41:00 [notice] 1#1: start worker process 30
2025/02/23 18:41:00 [notice] 1#1: start worker process 31
2025/02/23 18:41:00 [notice] 1#1: start worker process 32
2025/02/23 18:41:00 [notice] 1#1: start worker process 33
2025/02/23 18:41:00 [notice] 1#1: start worker process 34
2025/02/23 18:42:12 [notice] 1#1: signal 3 (SIGQUIT) received, shutting down
2025/02/23 18:42:12 [notice] 29#29: gracefully shutting down
2025/02/23 18:42:12 [notice] 30#30: gracefully shutting down
2025/02/23 18:42:12 [notice] 30#30: exiting
2025/02/23 18:42:12 [notice] 34#34: gracefully shutting down
2025/02/23 18:42:12 [notice] 30#30: exit
2025/02/23 18:42:12 [notice] 34#34: exiting
2025/02/23 18:42:12 [notice] 32#32: gracefully shutting down
2025/02/23 18:42:12 [notice] 34#34: exit
2025/02/23 18:42:12 [notice] 32#32: exiting
2025/02/23 18:42:12 [notice] 32#32: exit
2025/02/23 18:42:12 [notice] 33#33: gracefully shutting down
2025/02/23 18:42:12 [notice] 33#33: exiting
2025/02/23 18:42:12 [notice] 33#33: exit
2025/02/23 18:42:12 [notice] 31#31: gracefully shutting down
2025/02/23 18:42:12 [notice] 31#31: exiting
2025/02/23 18:42:12 [notice] 31#31: exit
2025/02/23 18:42:12 [notice] 29#29: exiting
2025/02/23 18:42:12 [notice] 29#29: exit
2025/02/23 18:42:12 [notice] 1#1: signal 17 (SIGCHLD) received from 29
2025/02/23 18:42:12 [notice] 1#1: worker process 29 exited with code 0
2025/02/23 18:42:12 [notice] 1#1: worker process 30 exited with code 0
2025/02/23 18:42:12 [notice] 1#1: worker process 31 exited with code 0
2025/02/23 18:42:12 [notice] 1#1: worker process 32 exited with code 0
2025/02/23 18:42:12 [notice] 1#1: worker process 33 exited with code 0
2025/02/23 18:42:12 [notice] 1#1: worker process 34 exited with code 0
2025/02/23 18:42:12 [notice] 1#1: exit
2025/02/23 18:46:16 [notice] 1#1: using the "epoll" event method
2025/02/23 18:46:16 [notice] 1#1: nginx/1.26.3
2025/02/23 18:46:16 [notice] 1#1: built by gcc 13.2.1 20240309 (Alpine 13.2.1_git20240309) 
2025/02/23 18:46:16 [notice] 1#1: OS: Linux 6.8.0-51-generic
2025/02/23 18:46:16 [notice] 1#1: getrlimit(RLIMIT_NOFILE): 1048576:1048576
2025/02/23 18:46:16 [notice] 1#1: start worker processes
2025/02/23 18:46:16 [notice] 1#1: start worker process 28
2025/02/23 18:46:16 [notice] 1#1: start worker process 29
2025/02/23 18:46:16 [notice] 1#1: start worker process 30
2025/02/23 18:46:16 [notice] 1#1: start worker process 31
2025/02/23 18:46:16 [notice] 1#1: start worker process 32
2025/02/23 18:46:16 [notice] 1#1: start worker process 33
2025/02/23 18:47:59 [notice] 1#1: signal 3 (SIGQUIT) received, shutting down
2025/02/23 18:47:59 [notice] 28#28: gracefully shutting down
2025/02/23 18:47:59 [notice] 29#29: gracefully shutting down
2025/02/23 18:47:59 [notice] 30#30: gracefully shutting down
2025/02/23 18:47:59 [notice] 28#28: exiting
2025/02/23 18:47:59 [notice] 29#29: exiting
2025/02/23 18:47:59 [notice] 30#30: exiting
2025/02/23 18:47:59 [notice] 31#31: gracefully shutting down
2025/02/23 18:47:59 [notice] 31#31: exiting
2025/02/23 18:47:59 [notice] 28#28: exit
2025/02/23 18:47:59 [notice] 30#30: exit
2025/02/23 18:47:59 [notice] 29#29: exit
2025/02/23 18:47:59 [notice] 31#31: exit
2025/02/23 18:47:59 [notice] 32#32: gracefully shutting down
2025/02/23 18:47:59 [notice] 32#32: exiting
2025/02/23 18:47:59 [notice] 32#32: exit
2025/02/23 18:47:59 [notice] 33#33: gracefully shutting down
2025/02/23 18:47:59 [notice] 33#33: exiting
2025/02/23 18:47:59 [notice] 33#33: exit
2025/02/23 18:47:59 [notice] 1#1: signal 17 (SIGCHLD) received from 29
2025/02/23 18:47:59 [notice] 1#1: worker process 29 exited with code 0
2025/02/23 18:47:59 [notice] 1#1: signal 29 (SIGIO) received
2025/02/23 18:47:59 [notice] 1#1: signal 17 (SIGCHLD) received from 32
2025/02/23 18:47:59 [notice] 1#1: worker process 30 exited with code 0
2025/02/23 18:47:59 [notice] 1#1: worker process 31 exited with code 0
2025/02/23 18:47:59 [notice] 1#1: worker process 32 exited with code 0
2025/02/23 18:47:59 [notice] 1#1: worker process 33 exited with code 0
2025/02/23 18:47:59 [notice] 1#1: signal 29 (SIGIO) received
2025/02/23 18:47:59 [notice] 1#1: signal 17 (SIGCHLD) received from 31
2025/02/23 18:47:59 [notice] 1#1: signal 17 (SIGCHLD) received from 28
2025/02/23 18:47:59 [notice] 1#1: worker process 28 exited with code 0
2025/02/23 18:47:59 [notice] 1#1: exit
2025/02/23 18:48:03 [notice] 1#1: using the "epoll" event method
2025/02/23 18:48:03 [notice] 1#1: nginx/1.26.3
2025/02/23 18:48:03 [notice] 1#1: built by gcc 13.2.1 20240309 (Alpine 13.2.1_git20240309) 
2025/02/23 18:48:03 [notice] 1#1: OS: Linux 6.8.0-51-generic
2025/02/23 18:48:03 [notice] 1#1: getrlimit(RLIMIT_NOFILE): 1048576:1048576
2025/02/23 18:48:03 [notice] 1#1: start worker processes
2025/02/23 18:48:03 [notice] 1#1: start worker process 29
2025/02/23 18:48:03 [notice] 1#1: start worker process 30
2025/02/23 18:48:03 [notice] 1#1: start worker process 31
2025/02/23 18:48:03 [notice] 1#1: start worker process 32
2025/02/23 18:48:03 [notice] 1#1: start worker process 33
2025/02/23 18:48:03 [notice] 1#1: start worker process 34
2025/02/23 18:55:59 [notice] 1#1: signal 3 (SIGQUIT) received, shutting down
2025/02/23 18:55:59 [notice] 29#29: gracefully shutting down
2025/02/23 18:55:59 [notice] 31#31: gracefully shutting down
2025/02/23 18:55:59 [notice] 32#32: gracefully shutting down
2025/02/23 18:55:59 [notice] 34#34: gracefully shutting down
2025/02/23 18:55:59 [notice] 29#29: exiting
2025/02/23 18:55:59 [notice] 31#31: exiting
2025/02/23 18:55:59 [notice] 32#32: exiting
2025/02/23 18:55:59 [notice] 34#34: exiting
2025/02/23 18:55:59 [notice] 29#29: exit
2025/02/23 18:55:59 [notice] 32#32: exit
2025/02/23 18:55:59 [notice] 34#34: exit
2025/02/23 18:55:59 [notice] 31#31: exit
2025/02/23 18:55:59 [notice] 33#33: gracefully shutting down
2025/02/23 18:55:59 [notice] 33#33: exiting
2025/02/23 18:55:59 [notice] 33#33: exit
2025/02/23 18:55:59 [notice] 30#30: gracefully shutting down
2025/02/23 18:55:59 [notice] 30#30: exiting
2025/02/23 18:55:59 [notice] 30#30: exit
2025/02/23 18:55:59 [notice] 1#1: signal 17 (SIGCHLD) received from 31
2025/02/23 18:55:59 [notice] 1#1: worker process 29 exited with code 0
2025/02/23 18:55:59 [notice] 1#1: worker process 31 exited with code 0
2025/02/23 18:55:59 [notice] 1#1: worker process 32 exited with code 0
2025/02/23 18:55:59 [notice] 1#1: worker process 33 exited with code 0
2025/02/23 18:55:59 [notice] 1#1: signal 29 (SIGIO) received
2025/02/23 18:55:59 [notice] 1#1: signal 17 (SIGCHLD) received from 30
2025/02/23 18:55:59 [notice] 1#1: worker process 30 exited with code 0
2025/02/23 18:55:59 [notice] 1#1: signal 29 (SIGIO) received
2025/02/23 18:55:59 [notice] 1#1: signal 17 (SIGCHLD) received from 34
2025/02/23 18:55:59 [notice] 1#1: worker process 34 exited with code 0
2025/02/23 18:55:59 [notice] 1#1: exit
2025/02/23 19:02:44 [notice] 1#1: using the "epoll" event method
2025/02/23 19:02:44 [notice] 1#1: nginx/1.26.3
2025/02/23 19:02:44 [notice] 1#1: built by gcc 13.2.1 20240309 (Alpine 13.2.1_git20240309) 
2025/02/23 19:02:44 [notice] 1#1: OS: Linux 6.8.0-51-generic
2025/02/23 19:02:44 [notice] 1#1: getrlimit(RLIMIT_NOFILE): 1048576:1048576
2025/02/23 19:02:44 [notice] 1#1: start worker processes
2025/02/23 19:02:44 [notice] 1#1: start worker process 29
2025/02/23 19:02:44 [notice] 1#1: start worker process 30
2025/02/23 19:02:44 [notice] 1#1: start worker process 31
2025/02/23 19:02:44 [notice] 1#1: start worker process 32
2025/02/23 19:02:44 [notice] 1#1: start worker process 33
2025/02/23 19:02:44 [notice] 1#1: start worker process 34
2025/02/23 19:35:21 [notice] 1#1: signal 3 (SIGQUIT) received, shutting down
2025/02/23 19:35:21 [notice] 30#30: gracefully shutting down
2025/02/23 19:35:21 [notice] 29#29: gracefully shutting down
2025/02/23 19:35:21 [notice] 31#31: gracefully shutting down
2025/02/23 19:35:21 [notice] 30#30: exiting
2025/02/23 19:35:21 [notice] 29#29: exiting
2025/02/23 19:35:21 [notice] 31#31: exiting
2025/02/23 19:35:21 [notice] 29#29: exit
2025/02/23 19:35:21 [notice] 30#30: exit
2025/02/23 19:35:21 [notice] 31#31: exit
2025/02/23 19:35:21 [notice] 32#32: gracefully shutting down
2025/02/23 19:35:21 [notice] 32#32: exiting
2025/02/23 19:35:21 [notice] 33#33: gracefully shutting down
2025/02/23 19:35:21 [notice] 33#33: exiting
2025/02/23 19:35:21 [notice] 32#32: exit
2025/02/23 19:35:21 [notice] 33#33: exit
2025/02/23 19:35:21 [notice] 34#34: gracefully shutting down
2025/02/23 19:35:21 [notice] 34#34: exiting
2025/02/23 19:35:21 [notice] 34#34: exit
2025/02/23 19:35:21 [notice] 1#1: signal 17 (SIGCHLD) received from 30
2025/02/23 19:35:21 [notice] 1#1: worker process 30 exited with code 0
2025/02/23 19:35:21 [notice] 1#1: signal 29 (SIGIO) received
2025/02/23 19:35:21 [notice] 1#1: signal 17 (SIGCHLD) received from 31
2025/02/23 19:35:21 [notice] 1#1: worker process 31 exited with code 0
2025/02/23 19:35:21 [notice] 1#1: worker process 32 exited with code 0
2025/02/23 19:35:21 [notice] 1#1: signal 29 (SIGIO) received
2025/02/23 19:35:21 [notice] 1#1: signal 17 (SIGCHLD) received from 33
2025/02/23 19:35:21 [notice] 1#1: worker process 33 exited with code 0
2025/02/23 19:35:21 [notice] 1#1: signal 29 (SIGIO) received
2025/02/23 19:35:21 [notice] 1#1: signal 17 (SIGCHLD) received from 29
2025/02/23 19:35:21 [notice] 1#1: worker process 29 exited with code 0
2025/02/23 19:35:21 [notice] 1#1: worker process 34 exited with code 0
2025/02/23 19:35:21 [notice] 1#1: exit
2025/02/23 19:35:44 [notice] 1#1: using the "epoll" event method
2025/02/23 19:35:44 [notice] 1#1: nginx/1.26.3
2025/02/23 19:35:44 [notice] 1#1: built by gcc 13.2.1 20240309 (Alpine 13.2.1_git20240309) 
2025/02/23 19:35:44 [notice] 1#1: OS: Linux 6.8.0-51-generic
2025/02/23 19:35:44 [notice] 1#1: getrlimit(RLIMIT_NOFILE): 1048576:1048576
2025/02/23 19:35:44 [notice] 1#1: start worker processes
2025/02/23 19:35:44 [notice] 1#1: start worker process 29
2025/02/23 19:35:44 [notice] 1#1: start worker process 30
2025/02/23 19:35:44 [notice] 1#1: start worker process 31
2025/02/23 19:35:44 [notice] 1#1: start worker process 32
2025/02/23 19:35:44 [notice] 1#1: start worker process 33
2025/02/23 19:35:44 [notice] 1#1: start worker process 34
2025/02/24 12:31:45 [notice] 1#1: using the "epoll" event method
2025/02/24 12:31:45 [notice] 1#1: nginx/1.26.3
2025/02/24 12:31:45 [notice] 1#1: built by gcc 13.2.1 20240309 (Alpine 13.2.1_git20240309) 
2025/02/24 12:31:45 [notice] 1#1: OS: Linux 6.8.0-51-generic
2025/02/24 12:31:45 [notice] 1#1: getrlimit(RLIMIT_NOFILE): 1048576:1048576
2025/02/24 12:31:45 [notice] 1#1: start worker processes
2025/02/24 12:31:45 [notice] 1#1: start worker process 28
2025/02/24 12:31:45 [notice] 1#1: start worker process 29
2025/02/24 12:31:45 [notice] 1#1: start worker process 30
2025/02/24 12:31:45 [notice] 1#1: start worker process 31
2025/02/24 12:31:45 [notice] 1#1: start worker process 32
2025/02/24 12:31:45 [notice] 1#1: start worker process 33
2025/04/02 08:25:56 [notice] 1#1: using the "epoll" event method
2025/04/02 08:25:56 [notice] 1#1: nginx/1.26.3
2025/04/02 08:25:56 [notice] 1#1: built by gcc 13.2.1 20240309 (Alpine 13.2.1_git20240309) 
2025/04/02 08:25:56 [notice] 1#1: OS: Linux 6.11.0-17-generic
2025/04/02 08:25:56 [notice] 1#1: getrlimit(RLIMIT_NOFILE): 1048576:1048576
2025/04/02 08:25:56 [notice] 1#1: start worker processes
2025/04/02 08:25:56 [notice] 1#1: start worker process 29
2025/04/02 08:25:56 [notice] 1#1: start worker process 30
2025/04/02 08:25:56 [notice] 1#1: start worker process 31
2025/04/02 08:25:56 [notice] 1#1: start worker process 32
2025/04/02 08:25:56 [notice] 1#1: start worker process 33
2025/04/02 08:25:56 [notice] 1#1: start worker process 34
2025/04/02 08:25:56 [notice] 1#1: start worker process 35
2025/04/02 08:25:56 [notice] 1#1: start worker process 36
2025/04/02 08:25:56 [notice] 1#1: start worker process 37
2025/04/02 08:25:56 [notice] 1#1: start worker process 38
